<?xml version="1.0" encoding="UTF-8"?>
<!-- Generated by org.testng.reporters.JUnitReportReporter -->
<testsuite hostname="DESKTOP-A4VNCGL" failures="0" tests="2" name="com.qa.practice.testcases.loginPagetest" time="9.691" errors="0" timestamp="2022-09-13T08:28:13 EDT" skipped="0">
  <testcase classname="com.qa.practice.testcases.loginPagetest" name="securePaymentLogoTest" time="4.395"/>
  <system-out/>
  <testcase classname="com.qa.practice.testcases.loginPagetest" name="phpLogoTest" time="5.296"/>
  <system-out/>
</testsuite> <!-- com.qa.practice.testcases.loginPagetest -->
